Adapter #0

Enclosure Device ID: 4
Slot Number: 0
Drive's postion: DiskGroup: 0, Span: 0, Arm: 0
Enclosure position: 0
Device Id: 13
WWN: 5000CCA00FBF4213
Sequence Number: 2
Media Error Count: 0
Other Error Count: 0
Predictive Failure Count: 0
Last Predictive Failure Event Seq Number: 0
PD Type: SAS
Raw Size: 279.396 GB [0x22ecb25c Sectors]
Non Coerced Size: 278.896 GB [0x22dcb25c Sectors]
Coerced Size: 278.464 GB [0x22cee000 Sectors]
Firmware state: Online, Spun Up
Is Commissioned Spare : NO
Device Firmware Level: A42B
Shield Counter: 0
Successful diagnostics completion on :  N/A
SAS Address(0): 0x5000cca00fbf4211
SAS Address(1): 0x0
Connected Port Number: 0(path0) 
Inquiry Data: HITACHI HUS156030VLS600 A42BJTYD5RZJ            
FDE Enable: Disable
Secured: Unsecured
Locked: Unlocked
Needs EKM Attention: No
Foreign State: None 
Device Speed: 6.0Gb/s 
Link Speed: 6.0Gb/s 
Media Type: Hard Disk Device
Drive Temperature :29C (84.20 F)
PI Eligibility:  No 
Drive is formatted for PI information:  No
PI: No PI
Drive's write cache : Disabled
Port-0 :
Port status: Active
Port's Linkspeed: 6.0Gb/s 
Port-1 :
Port status: Active
Port's Linkspeed: Unknown 
Drive has flagged a S.M.A.R.T alert : No



Enclosure Device ID: 4
Slot Number: 1
Drive's postion: DiskGroup: 0, Span: 0, Arm: 1
Enclosure position: 0
Device Id: 12
WWN: 5000CCA00FBA24EF
Sequence Number: 2
Media Error Count: 0
Other Error Count: 0
Predictive Failure Count: 0
Last Predictive Failure Event Seq Number: 0
PD Type: SAS
Raw Size: 279.396 GB [0x22ecb25c Sectors]
Non Coerced Size: 278.896 GB [0x22dcb25c Sectors]
Coerced Size: 278.464 GB [0x22cee000 Sectors]
Firmware state: Online, Spun Up
Is Commissioned Spare : NO
Device Firmware Level: A42B
Shield Counter: 0
Successful diagnostics completion on :  N/A
SAS Address(0): 0x5000cca00fba24ed
SAS Address(1): 0x0
Connected Port Number: 0(path0) 
Inquiry Data: HITACHI HUS156030VLS600 A42BJTY9BK7M            
FDE Enable: Disable
Secured: Unsecured
Locked: Unlocked
Needs EKM Attention: No
Foreign State: None 
Device Speed: 6.0Gb/s 
Link Speed: 6.0Gb/s 
Media Type: Hard Disk Device
Drive Temperature :30C (86.00 F)
PI Eligibility:  No 
Drive is formatted for PI information:  No
PI: No PI
Drive's write cache : Disabled
Port-0 :
Port status: Active
Port's Linkspeed: 6.0Gb/s 
Port-1 :
Port status: Active
Port's Linkspeed: Unknown 
Drive has flagged a S.M.A.R.T alert : No



Enclosure Device ID: 4
Slot Number: 2
Drive's postion: DiskGroup: 1, Span: 0, Arm: 0
Enclosure position: 0
Device Id: 20
WWN: 5000C50093DA0488
Sequence Number: 2
Media Error Count: 0
Other Error Count: 0
Predictive Failure Count: 0
Last Predictive Failure Event Seq Number: 0
PD Type: SAS
Raw Size: 2.728 TB [0x15d50a3b0 Sectors]
Non Coerced Size: 2.728 TB [0x15d40a3b0 Sectors]
Coerced Size: 2.727 TB [0x15d3ef000 Sectors]
Firmware state: Online, Spun Up
Is Commissioned Spare : NO
Device Firmware Level: N002
Shield Counter: 0
Successful diagnostics completion on :  N/A
SAS Address(0): 0x5000c50093da0489
SAS Address(1): 0x0
Connected Port Number: 0(path0) 
Inquiry Data: SEAGATE ST3000NM0025    N002ZC11WX8M            
FDE Enable: Disable
Secured: Unsecured
Locked: Unlocked
Needs EKM Attention: No
Foreign State: None 
Device Speed: Unknown 
Link Speed: 6.0Gb/s 
Media Type: Hard Disk Device
Drive Temperature :29C (84.20 F)
PI Eligibility:  No 
Drive is formatted for PI information:  No
PI: No PI
Drive's write cache : Disabled
Port-0 :
Port status: Active
Port's Linkspeed: 6.0Gb/s 
Port-1 :
Port status: Active
Port's Linkspeed: Unknown 
Drive has flagged a S.M.A.R.T alert : No



Enclosure Device ID: 4
Slot Number: 3
Drive's postion: DiskGroup: 1, Span: 0, Arm: 1
Enclosure position: 0
Device Id: 8
WWN: 5000C50034C1BB5C
Sequence Number: 2
Media Error Count: 0
Other Error Count: 0
Predictive Failure Count: 0
Last Predictive Failure Event Seq Number: 0
PD Type: SAS
Raw Size: 2.728 TB [0x15d50a3b0 Sectors]
Non Coerced Size: 2.728 TB [0x15d40a3b0 Sectors]
Coerced Size: 2.727 TB [0x15d3ef000 Sectors]
Firmware state: Online, Spun Up
Is Commissioned Spare : NO
Device Firmware Level: 0003
Shield Counter: 0
Successful diagnostics completion on :  N/A
SAS Address(0): 0x5000c50034c1bb5d
SAS Address(1): 0x0
Connected Port Number: 0(path0) 
Inquiry Data: SEAGATE ST33000650SS    0003Z290SGMS            
FDE Enable: Disable
Secured: Unsecured
Locked: Unlocked
Needs EKM Attention: No
Foreign State: None 
Device Speed: 6.0Gb/s 
Link Speed: 6.0Gb/s 
Media Type: Hard Disk Device
Drive Temperature :33C (91.40 F)
PI Eligibility:  No 
Drive is formatted for PI information:  No
PI: No PI
Drive's write cache : Disabled
Port-0 :
Port status: Active
Port's Linkspeed: 6.0Gb/s 
Port-1 :
Port status: Active
Port's Linkspeed: Unknown 
Drive has flagged a S.M.A.R.T alert : No



Enclosure Device ID: 4
Slot Number: 4
Drive's postion: DiskGroup: 1, Span: 1, Arm: 0
Enclosure position: 0
Device Id: 9
WWN: 5000C50034B0890C
Sequence Number: 2
Media Error Count: 0
Other Error Count: 0
Predictive Failure Count: 0
Last Predictive Failure Event Seq Number: 0
PD Type: SAS
Raw Size: 2.728 TB [0x15d50a3b0 Sectors]
Non Coerced Size: 2.728 TB [0x15d40a3b0 Sectors]
Coerced Size: 2.727 TB [0x15d3ef000 Sectors]
Firmware state: Online, Spun Up
Is Commissioned Spare : NO
Device Firmware Level: 0003
Shield Counter: 0
Successful diagnostics completion on :  N/A
SAS Address(0): 0x5000c50034b0890d
SAS Address(1): 0x0
Connected Port Number: 0(path0) 
Inquiry Data: SEAGATE ST33000650SS    0003Z290TBXP            
FDE Enable: Disable
Secured: Unsecured
Locked: Unlocked
Needs EKM Attention: No
Foreign State: None 
Device Speed: 6.0Gb/s 
Link Speed: 6.0Gb/s 
Media Type: Hard Disk Device
Drive Temperature :35C (95.00 F)
PI Eligibility:  No 
Drive is formatted for PI information:  No
PI: No PI
Drive's write cache : Disabled
Port-0 :
Port status: Active
Port's Linkspeed: 6.0Gb/s 
Port-1 :
Port status: Active
Port's Linkspeed: Unknown 
Drive has flagged a S.M.A.R.T alert : No



Enclosure Device ID: 4
Slot Number: 5
Drive's postion: DiskGroup: 1, Span: 1, Arm: 1
Enclosure position: 0
Device Id: 7
WWN: 5000C500424BEDD8
Sequence Number: 2
Media Error Count: 0
Other Error Count: 0
Predictive Failure Count: 0
Last Predictive Failure Event Seq Number: 0
PD Type: SAS
Raw Size: 2.728 TB [0x15d50a3b0 Sectors]
Non Coerced Size: 2.728 TB [0x15d40a3b0 Sectors]
Coerced Size: 2.727 TB [0x15d3ef000 Sectors]
Firmware state: Online, Spun Up
Is Commissioned Spare : NO
Device Firmware Level: 0004
Shield Counter: 0
Successful diagnostics completion on :  N/A
SAS Address(0): 0x5000c500424bedd9
SAS Address(1): 0x0
Connected Port Number: 0(path0) 
Inquiry Data: SEAGATE ST33000650SS    0004Z293YSHC            
FDE Enable: Disable
Secured: Unsecured
Locked: Unlocked
Needs EKM Attention: No
Foreign State: None 
Device Speed: 6.0Gb/s 
Link Speed: 6.0Gb/s 
Media Type: Hard Disk Device
Drive Temperature :34C (93.20 F)
PI Eligibility:  No 
Drive is formatted for PI information:  No
PI: No PI
Drive's write cache : Disabled
Port-0 :
Port status: Active
Port's Linkspeed: 6.0Gb/s 
Port-1 :
Port status: Active
Port's Linkspeed: Unknown 
Drive has flagged a S.M.A.R.T alert : No



Enclosure Device ID: 4
Slot Number: 6
Drive's postion: DiskGroup: 1, Span: 2, Arm: 0
Enclosure position: 0
Device Id: 14
WWN: 5000C500424C4D94
Sequence Number: 2
Media Error Count: 0
Other Error Count: 0
Predictive Failure Count: 0
Last Predictive Failure Event Seq Number: 0
PD Type: SAS
Raw Size: 2.728 TB [0x15d50a3b0 Sectors]
Non Coerced Size: 2.728 TB [0x15d40a3b0 Sectors]
Coerced Size: 2.727 TB [0x15d3ef000 Sectors]
Firmware state: Online, Spun Up
Is Commissioned Spare : NO
Device Firmware Level: 0004
Shield Counter: 0
Successful diagnostics completion on :  N/A
SAS Address(0): 0x5000c500424c4d95
SAS Address(1): 0x0
Connected Port Number: 0(path0) 
Inquiry Data: SEAGATE ST33000650SS    0004Z293WXRR            
FDE Enable: Disable
Secured: Unsecured
Locked: Unlocked
Needs EKM Attention: No
Foreign State: None 
Device Speed: 6.0Gb/s 
Link Speed: 6.0Gb/s 
Media Type: Hard Disk Device
Drive Temperature :35C (95.00 F)
PI Eligibility:  No 
Drive is formatted for PI information:  No
PI: No PI
Drive's write cache : Disabled
Port-0 :
Port status: Active
Port's Linkspeed: 6.0Gb/s 
Port-1 :
Port status: Active
Port's Linkspeed: Unknown 
Drive has flagged a S.M.A.R.T alert : No



Enclosure Device ID: 4
Slot Number: 7
Drive's postion: DiskGroup: 1, Span: 2, Arm: 1
Enclosure position: 0
Device Id: 15
WWN: 5000C50034BF1404
Sequence Number: 2
Media Error Count: 0
Other Error Count: 0
Predictive Failure Count: 0
Last Predictive Failure Event Seq Number: 0
PD Type: SAS
Raw Size: 2.728 TB [0x15d50a3b0 Sectors]
Non Coerced Size: 2.728 TB [0x15d40a3b0 Sectors]
Coerced Size: 2.727 TB [0x15d3ef000 Sectors]
Firmware state: Online, Spun Up
Is Commissioned Spare : NO
Device Firmware Level: 0003
Shield Counter: 0
Successful diagnostics completion on :  N/A
SAS Address(0): 0x5000c50034bf1405
SAS Address(1): 0x0
Connected Port Number: 0(path0) 
Inquiry Data: SEAGATE ST33000650SS    0003Z290PXDJ            
FDE Enable: Disable
Secured: Unsecured
Locked: Unlocked
Needs EKM Attention: No
Foreign State: None 
Device Speed: 6.0Gb/s 
Link Speed: 6.0Gb/s 
Media Type: Hard Disk Device
Drive Temperature :35C (95.00 F)
PI Eligibility:  No 
Drive is formatted for PI information:  No
PI: No PI
Drive's write cache : Disabled
Port-0 :
Port status: Active
Port's Linkspeed: 6.0Gb/s 
Port-1 :
Port status: Active
Port's Linkspeed: Unknown 
Drive has flagged a S.M.A.R.T alert : No



Enclosure Device ID: 4
Slot Number: 8
Drive's postion: DiskGroup: 1, Span: 3, Arm: 0
Enclosure position: 0
Device Id: 19
WWN: 5000C50084931F24
Sequence Number: 2
Media Error Count: 0
Other Error Count: 0
Predictive Failure Count: 0
Last Predictive Failure Event Seq Number: 0
PD Type: SAS
Raw Size: 2.728 TB [0x15d50a3b0 Sectors]
Non Coerced Size: 2.728 TB [0x15d40a3b0 Sectors]
Coerced Size: 2.727 TB [0x15d3ef000 Sectors]
Firmware state: Online, Spun Up
Is Commissioned Spare : NO
Device Firmware Level: 0004
Shield Counter: 0
Successful diagnostics completion on :  N/A
SAS Address(0): 0x5000c50084931f25
SAS Address(1): 0x0
Connected Port Number: 0(path0) 
Inquiry Data: SEAGATE ST3000NM0023    0004Z1Y3WX6W            
FDE Enable: Disable
Secured: Unsecured
Locked: Unlocked
Needs EKM Attention: No
Foreign State: None 
Device Speed: 6.0Gb/s 
Link Speed: 6.0Gb/s 
Media Type: Hard Disk Device
Drive Temperature :34C (93.20 F)
PI Eligibility:  No 
Drive is formatted for PI information:  No
PI: No PI
Drive's write cache : Disabled
Port-0 :
Port status: Active
Port's Linkspeed: 6.0Gb/s 
Port-1 :
Port status: Active
Port's Linkspeed: Unknown 
Drive has flagged a S.M.A.R.T alert : No



Enclosure Device ID: 4
Slot Number: 9
Drive's postion: DiskGroup: 1, Span: 3, Arm: 1
Enclosure position: 0
Device Id: 16
WWN: 5000C500424BEFD0
Sequence Number: 2
Media Error Count: 0
Other Error Count: 0
Predictive Failure Count: 0
Last Predictive Failure Event Seq Number: 0
PD Type: SAS
Raw Size: 2.728 TB [0x15d50a3b0 Sectors]
Non Coerced Size: 2.728 TB [0x15d40a3b0 Sectors]
Coerced Size: 2.727 TB [0x15d3ef000 Sectors]
Firmware state: Online, Spun Up
Is Commissioned Spare : NO
Device Firmware Level: 0004
Shield Counter: 0
Successful diagnostics completion on :  N/A
SAS Address(0): 0x5000c500424befd1
SAS Address(1): 0x0
Connected Port Number: 0(path0) 
Inquiry Data: SEAGATE ST33000650SS    0004Z293SB5K            
FDE Enable: Disable
Secured: Unsecured
Locked: Unlocked
Needs EKM Attention: No
Foreign State: None 
Device Speed: 6.0Gb/s 
Link Speed: 6.0Gb/s 
Media Type: Hard Disk Device
Drive Temperature :35C (95.00 F)
PI Eligibility:  No 
Drive is formatted for PI information:  No
PI: No PI
Drive's write cache : Disabled
Port-0 :
Port status: Active
Port's Linkspeed: 6.0Gb/s 
Port-1 :
Port status: Active
Port's Linkspeed: Unknown 
Drive has flagged a S.M.A.R.T alert : No



Enclosure Device ID: 4
Slot Number: 10
Drive's postion: DiskGroup: 1, Span: 4, Arm: 0
Enclosure position: 0
Device Id: 17
WWN: 5000C500424B8684
Sequence Number: 2
Media Error Count: 0
Other Error Count: 0
Predictive Failure Count: 0
Last Predictive Failure Event Seq Number: 0
PD Type: SAS
Raw Size: 2.728 TB [0x15d50a3b0 Sectors]
Non Coerced Size: 2.728 TB [0x15d40a3b0 Sectors]
Coerced Size: 2.727 TB [0x15d3ef000 Sectors]
Firmware state: Online, Spun Up
Is Commissioned Spare : NO
Device Firmware Level: 0004
Shield Counter: 0
Successful diagnostics completion on :  N/A
SAS Address(0): 0x5000c500424b8685
SAS Address(1): 0x0
Connected Port Number: 0(path0) 
Inquiry Data: SEAGATE ST33000650SS    0004Z293MZGD            
FDE Enable: Disable
Secured: Unsecured
Locked: Unlocked
Needs EKM Attention: No
Foreign State: None 
Device Speed: 6.0Gb/s 
Link Speed: 6.0Gb/s 
Media Type: Hard Disk Device
Drive Temperature :38C (100.40 F)
PI Eligibility:  No 
Drive is formatted for PI information:  No
PI: No PI
Drive's write cache : Disabled
Port-0 :
Port status: Active
Port's Linkspeed: 6.0Gb/s 
Port-1 :
Port status: Active
Port's Linkspeed: Unknown 
Drive has flagged a S.M.A.R.T alert : No



Enclosure Device ID: 4
Slot Number: 11
Drive's postion: DiskGroup: 1, Span: 4, Arm: 1
Enclosure position: 0
Device Id: 18
WWN: 5000C5006241D2BC
Sequence Number: 2
Media Error Count: 0
Other Error Count: 0
Predictive Failure Count: 0
Last Predictive Failure Event Seq Number: 0
PD Type: SAS
Raw Size: 2.728 TB [0x15d50a3b0 Sectors]
Non Coerced Size: 2.728 TB [0x15d40a3b0 Sectors]
Coerced Size: 2.727 TB [0x15d3ef000 Sectors]
Firmware state: Online, Spun Up
Is Commissioned Spare : NO
Device Firmware Level: 0004
Shield Counter: 0
Successful diagnostics completion on :  N/A
SAS Address(0): 0x5000c5006241d2bd
SAS Address(1): 0x0
Connected Port Number: 0(path0) 
Inquiry Data: SEAGATE ST3000NM0023    0004Z1Y22D0D            
FDE Enable: Disable
Secured: Unsecured
Locked: Unlocked
Needs EKM Attention: No
Foreign State: None 
Device Speed: 6.0Gb/s 
Link Speed: 6.0Gb/s 
Media Type: Hard Disk Device
Drive Temperature :35C (95.00 F)
PI Eligibility:  No 
Drive is formatted for PI information:  No
PI: No PI
Drive's write cache : Disabled
Port-0 :
Port status: Active
Port's Linkspeed: 6.0Gb/s 
Port-1 :
Port status: Active
Port's Linkspeed: Unknown 
Drive has flagged a S.M.A.R.T alert : No




Exit Code: 0x00
